[2.970s] DEBUG:colcon:Command line arguments: ['/usr/bin/colcon', 'build']
[2.971s] DEBUG:colcon:Parsed command line arguments: Namespace(allow_overriding=[], ament_cmake_args=None, base_paths=['.'], build_base='build', catkin_cmake_args=None, catkin_skip_building_tests=False, cmake_args=None, cmake_clean_cache=False, cmake_clean_first=False, cmake_force_configure=False, cmake_target=None, cmake_target_skip_unavailable=False, continue_on_error=False, event_handlers=None, executor='parallel', ignore_user_meta=False, install_base='install', log_base=None, log_level=None, main=<bound method BuildVerb.main of <colcon_core.verb.build.BuildVerb object at 0xffffac41a3d0>>, merge_install=False, metas=['./colcon.meta'], packages_above=None, packages_above_and_dependencies=None, packages_above_depth=None, packages_end=None, packages_ignore=None, packages_ignore_regex=None, packages_select=None, packages_select_build_failed=False, packages_select_by_dep=None, packages_select_regex=None, packages_select_test_failures=False, packages_skip=None, packages_skip_build_finished=False, packages_skip_by_dep=None, packages_skip_regex=None, packages_skip_test_passed=False, packages_skip_up_to=None, packages_start=None, packages_up_to=None, packages_up_to_regex=None, parallel_workers=4, paths=None, symlink_install=False, test_result_base=None, verb_extension=<colcon_core.verb.build.BuildVerb object at 0xffffac41a3d0>, verb_name='build', verb_parser=<colcon_defaults.argument_parser.defaults.DefaultArgumentsDecorator object at 0xffffac3d7fa0>)
[3.543s] Level 1:colcon.colcon_core.package_discovery:discover_packages(colcon_meta) check parameters
[3.544s] Level 1:colcon.colcon_core.package_discovery:discover_packages(recursive) check parameters
[3.544s] Level 1:colcon.colcon_core.package_discovery:discover_packages(ignore) check parameters
[3.544s] Level 1:colcon.colcon_core.package_discovery:discover_packages(path) check parameters
[3.544s] Level 1:colcon.colcon_core.package_discovery:discover_packages(colcon_meta) discover
[3.545s] Level 1:colcon.colcon_core.package_discovery:discover_packages(recursive) discover
[3.545s] INFO:colcon.colcon_core.package_discovery:Crawling recursively for packages in '/home/pi/ros2_ws/src/ytcg_ground-based'
[3.546s] Level 1:colcon.colcon_core.package_identification:_identify(.) by extensions ['ignore', 'ignore_ament_install']
[3.547s] Level 1:colcon.colcon_core.package_identification:_identify(.) by extension 'ignore'
[3.548s] Level 1:colcon.colcon_core.package_identification:_identify(.) by extension 'ignore_ament_install'
[3.548s] Level 1:colcon.colcon_core.package_identification:_identify(.) by extensions ['colcon_pkg']
[3.549s] Level 1:colcon.colcon_core.package_identification:_identify(.) by extension 'colcon_pkg'
[3.549s] Level 1:colcon.colcon_core.package_identification:_identify(.) by extensions ['colcon_meta']
[3.549s] Level 1:colcon.colcon_core.package_identification:_identify(.) by extension 'colcon_meta'
[3.550s] Level 1:colcon.colcon_core.package_identification:_identify(.) by extensions ['ros']
[3.550s] Level 1:colcon.colcon_core.package_identification:_identify(.) by extension 'ros'
[3.744s] DEBUG:colcon.colcon_core.package_identification:Package '.' with type 'ros.ament_cmake' and name 'ytcg_ground_based'
[3.745s] Level 1:colcon.colcon_core.package_discovery:discover_packages(recursive) using defaults
[3.745s] Level 1:colcon.colcon_core.package_discovery:discover_packages(ignore) discover
[3.745s] Level 1:colcon.colcon_core.package_discovery:discover_packages(ignore) using defaults
[3.746s] Level 1:colcon.colcon_core.package_discovery:discover_packages(path) discover
[3.746s] Level 1:colcon.colcon_core.package_discovery:discover_packages(path) using defaults
[3.993s] Level 1:colcon.colcon_core.package_discovery:discover_packages(prefix_path) check parameters
[3.994s] Level 1:colcon.colcon_core.package_discovery:discover_packages(prefix_path) discover
[4.041s] DEBUG:colcon.colcon_installed_package_information.package_discovery:Found 1 installed packages in /home/pi/ros2_ws/install
[4.054s] DEBUG:colcon.colcon_installed_package_information.package_discovery:Found 1 installed packages in /home/pi/ros2_ws/src/install
[4.072s] DEBUG:colcon.colcon_installed_package_information.package_discovery:Found 169 installed packages in /opt/ros/foxy
[4.083s] Level 1:colcon.colcon_core.package_discovery:discover_packages(prefix_path) using defaults
[4.437s] Level 5:colcon.colcon_core.verb:set package 'ytcg_ground_based' build argument 'cmake_args' from command line to 'None'
[4.437s] Level 5:colcon.colcon_core.verb:set package 'ytcg_ground_based' build argument 'cmake_target' from command line to 'None'
[4.438s] Level 5:colcon.colcon_core.verb:set package 'ytcg_ground_based' build argument 'cmake_target_skip_unavailable' from command line to 'False'
[4.438s] Level 5:colcon.colcon_core.verb:set package 'ytcg_ground_based' build argument 'cmake_clean_cache' from command line to 'False'
[4.438s] Level 5:colcon.colcon_core.verb:set package 'ytcg_ground_based' build argument 'cmake_clean_first' from command line to 'False'
[4.438s] Level 5:colcon.colcon_core.verb:set package 'ytcg_ground_based' build argument 'cmake_force_configure' from command line to 'False'
[4.438s] Level 5:colcon.colcon_core.verb:set package 'ytcg_ground_based' build argument 'ament_cmake_args' from command line to 'None'
[4.439s] Level 5:colcon.colcon_core.verb:set package 'ytcg_ground_based' build argument 'catkin_cmake_args' from command line to 'None'
[4.439s] Level 5:colcon.colcon_core.verb:set package 'ytcg_ground_based' build argument 'catkin_skip_building_tests' from command line to 'False'
[4.439s] DEBUG:colcon.colcon_core.verb:Building package 'ytcg_ground_based' with the following arguments: {'ament_cmake_args': None, 'build_base': '/home/pi/ros2_ws/src/ytcg_ground-based/build/ytcg_ground_based', 'catkin_cmake_args': None, 'catkin_skip_building_tests': False, 'cmake_args': None, 'cmake_clean_cache': False, 'cmake_clean_first': False, 'cmake_force_configure': False, 'cmake_target': None, 'cmake_target_skip_unavailable': False, 'install_base': '/home/pi/ros2_ws/src/ytcg_ground-based/install/ytcg_ground_based', 'merge_install': False, 'path': '/home/pi/ros2_ws/src/ytcg_ground-based', 'symlink_install': False, 'test_result_base': None}
[4.446s] INFO:colcon.colcon_core.executor:Executing jobs using 'parallel' executor
[4.481s] DEBUG:colcon.colcon_parallel_executor.executor.parallel:run_until_complete
[4.484s] INFO:colcon.colcon_ros.task.ament_cmake.build:Building ROS package in '/home/pi/ros2_ws/src/ytcg_ground-based' with build type 'ament_cmake'
[4.485s] INFO:colcon.colcon_cmake.task.cmake.build:Building CMake package in '/home/pi/ros2_ws/src/ytcg_ground-based'
[4.542s] INFO:colcon.colcon_core.plugin_system:Skipping extension 'colcon_core.shell.bat': Not used on non-Windows systems
[4.544s] INFO:colcon.colcon_core.shell:Skip shell extension 'powershell' for command environment: Not usable outside of PowerShell
[4.545s] DEBUG:colcon.colcon_core.shell:Skip shell extension 'dsv' for command environment
[4.633s] DEBUG:colcon.colcon_core.event_handler.log_command:Invoking command in '/home/pi/ros2_ws/src/ytcg_ground-based/build/ytcg_ground_based': CMAKE_PREFIX_PATH=${CMAKE_PREFIX_PATH}:/opt/ros/foxy /usr/bin/cmake /home/pi/ros2_ws/src/ytcg_ground-based -DCMAKE_INSTALL_PREFIX=/home/pi/ros2_ws/src/ytcg_ground-based/install/ytcg_ground_based
[24.967s] DEBUG:colcon.colcon_core.event_handler.log_command:Invoked command in '/home/pi/ros2_ws/src/ytcg_ground-based/build/ytcg_ground_based' returned '0': CMAKE_PREFIX_PATH=${CMAKE_PREFIX_PATH}:/opt/ros/foxy /usr/bin/cmake /home/pi/ros2_ws/src/ytcg_ground-based -DCMAKE_INSTALL_PREFIX=/home/pi/ros2_ws/src/ytcg_ground-based/install/ytcg_ground_based
[24.988s] DEBUG:colcon.colcon_core.event_handler.log_command:Invoking command in '/home/pi/ros2_ws/src/ytcg_ground-based/build/ytcg_ground_based': CMAKE_PREFIX_PATH=${CMAKE_PREFIX_PATH}:/opt/ros/foxy /usr/bin/cmake --build /home/pi/ros2_ws/src/ytcg_ground-based/build/ytcg_ground_based -- -j4 -l4
